Drill Listing
=============
Drill: .008  Tool: 1  Feed: 0  Speed: 0
X 10000  Y -10000
X 30400  Y -800
X 27100  Y 700
X 10000  Y 10000
X 13400  Y 14600
X 10000  Y 20000
X 6500  Y 25900
X 30400  Y 28200
X 25800  Y 28600
X 10000  Y 29900
X 28100  Y 30800
X 20000  Y 35500
X 10000  Y 40000
X 20000  Y 42000
X 30000  Y 47500
X 10000  Y 50000
X 20250  Y 51250
X 28000  Y 51500
X 9756  Y 54000
X 30000  Y 55000
X 30000  Y 62500
X 30000  Y 70000
X 9256  Y 74000
X 28000  Y 75000
X 10000  Y 80000
X 25200  Y 85600
X 10000  Y 90000
X 9400  Y 93000
X 26968  Y 104724
X 16732  Y 106102
X 12000  Y 106200
X 7756  Y 112000
X 27000  Y 117500
X 17027  Y 120866
X 10000  Y 125000
X 10000  Y 130000
X 16929  Y 131102
X 52100  Y 120800
X 48600  Y 120600
X 47000  Y 117500
X 32400  Y 106000
X 47756  Y 91000
X 36250  Y 85250
X 31500  Y 85250
X 31500  Y 77750
X 36250  Y 77750
X 42500  Y 75000
X 52500  Y 75000
X 43500  Y 69000
X 43500  Y 62500
X 43500  Y 55000
X 43500  Y 48000
X 35000  Y 40000
X 45000  Y 40000
X 36200  Y 31700
X 31506  Y 31500
X 45300  Y 31200
X 56200  Y 28600
X 42500  Y 28600
X 47000  Y 1400
X 42000  Y 1400
X 44400  Y 1200
X 42000  Y -1400
X 47000  Y -1400
X 44400  Y -1400
X 37000  Y -1500
X 62000  Y -14000
X 70000  Y -10000
X 80000  Y -10000
X 62000  Y -4000
X 75000  Y -2500
X 57000  Y -1500
X 72500  Y 10000
X 80000  Y 10000
X 62456  Y 25400
X 56700  Y 25400
X 61300  Y 28600
X 59800  Y 31800
X 60000  Y 40000
X 70000  Y 40000
X 72000  Y 48000
X 58000  Y 48000
X 72000  Y 55000
X 58000  Y 55000
X 72000  Y 62000
X 58000  Y 62500
X 77500  Y 65500
X 75500  Y 68500
X 58000  Y 69000
X 72000  Y 69000
X 75500  Y 72000
X 77500  Y 75000
X 65000  Y 75000
X 77000  Y 81500
X 57756  Y 91000
X 70000  Y 110000
X 57000  Y 117500
X 62007  Y 120767
X 70000  Y 130000
X 80000  Y 130000
X 62007  Y 131102
X 100000  Y 132500
X 90000  Y 130000
X 100000  Y 130000
X 100000  Y 127500
X 100000  Y 125000
X 100000  Y 122500
X 100000  Y 120000
X 100000  Y 117500
X 100000  Y 115000
X 100000  Y 112500
X 100000  Y 110000
X 90000  Y 110000
X 100000  Y 107500
X 100000  Y 105000
X 100000  Y 95800
X 102400  Y 94300
X 105100  Y 94300
X 95000  Y 85000
X 85250  Y 81500
X 95000  Y 80000
X 90000  Y 80000
X 103500  Y 74500
X 100500  Y 74500
X 97500  Y 74500
X 94500  Y 74500
X 91500  Y 74500
X 88500  Y 74500
X 85500  Y 74500
X 106000  Y 66000
X 91500  Y 66000
X 94500  Y 66000
X 97500  Y 66000
X 100500  Y 66000
X 85500  Y 66000
X 88500  Y 66000
X 103500  Y 66000
X 106000  Y 63000
X 85250  Y 60750
X 100000  Y 60000
X 90000  Y 60000
X 106000  Y 59500
X 85250  Y 56000
X 85250  Y 51500
X 100000  Y 50000
X 90000  Y 50000
X 94900  Y 44300
X 100000  Y 40000
X 85300  Y 35600
X 82400  Y 31800
X 100000  Y 30000
X 90000  Y 10000
X 100000  Y 10000
X 87500  Y -2500
X 100000  Y -2500
X 90000  Y -10000
X 100000  Y -10000
X 110000  Y -10000
X 120000  Y -10000
X 130000  Y -10000
X 120000  Y 0
X 110000  Y 0
X 130000  Y 0
X 120000  Y 10000
X 130000  Y 10000
X 120000  Y 20000
X 130000  Y 20000
X 130000  Y 30000
X 110000  Y 30000
X 120000  Y 30000
X 120000  Y 40000
X 110000  Y 40000
X 130000  Y 40000
X 130500  Y 45000
X 122500  Y 45500
X 127500  Y 45500
X 116500  Y 49500
X 119500  Y 49500
X 130500  Y 50000
X 114000  Y 50500
X 111000  Y 51000
X 124000  Y 52000
X 127000  Y 52500
X 108500  Y 53000
X 130500  Y 55000
X 124000  Y 55000
X 106500  Y 56000
X 127000  Y 57500
X 124000  Y 57500
X 114500  Y 59000
X 130500  Y 60000
X 118500  Y 60000
X 114500  Y 62500
X 130500  Y 65000
X 114500  Y 66000
X 117700  Y 66100
X 120700  Y 66400
X 123400  Y 67600
X 125500  Y 69400
X 127300  Y 72100
X 112500  Y 74500
X 106500  Y 74500
X 109500  Y 74500
X 118500  Y 74500
X 115500  Y 74500
X 128200  Y 75400
X 119500  Y 77800
X 128200  Y 79000
X 117700  Y 80800
X 128200  Y 82000
X 119500  Y 83500
X 128200  Y 85300
X 119500  Y 86200
X 128200  Y 88300
X 119500  Y 88900
X 128200  Y 91300
X 117400  Y 91600
X 128200  Y 94000
X 115900  Y 94300
X 113200  Y 94300
X 110500  Y 94300
X 107800  Y 94300
X 118300  Y 94300
Drill: .0315  Tool: 2  Feed: 197  Speed: 550
X 91633  Y 2362
X 83759  Y 2362
X 95900  Y 118900
X 88026  Y 118900
X 80152  Y 118900
Drill: .035  Tool: 3  Feed: 197  Speed: 550
X 29133  Y 17000
X 21259  Y 17000
X 52755  Y 17000
X 44881  Y 17000
X 37007  Y 17000
X 52755  Y 100000
X 44881  Y 100000
X 37007  Y 100000
X 13385  Y 100000
X 29133  Y 100000
X 21259  Y 100000
X 60629  Y 100000
X 76377  Y 100000
X 68503  Y 100000
X 76377  Y 17000
X 68503  Y 17000
X 60629  Y 17000
X 92126  Y 17000
X 84251  Y 17000
X 100000  Y 17000
X 92125  Y 100000
X 84251  Y 100000
X 100000  Y 100000
Drill: .03937  Tool: 4  Feed: 197  Speed: 550
X 10943  Y -1500
X 10963  Y 118500
Drill: .05512  Tool: 5  Feed: 107  Speed: 550
X 68030  Y -1500
X 68050  Y 118500
End of Listing
