
T3826CE00 000:000 SEGGER J-Link V4.84e Log File (0000ms, 0000ms total)
T3826CE00 000:000 DLL Compiled: Apr 28 2014 20:59:50 (0000ms, 0000ms total)
T3826CE00 000:000 Logging started @ 2014-05-06 21:26 (0000ms, 0000ms total)
T3826CE00 000:000 JLINK_SetWarnOutHandler(...) (0000ms, 0000ms total)
T3826CE00 000:000 JLINK_EMU_SelectByUSBSN(SerialNo = 518004755)  returns 0x00 (0014ms, 0014ms total)
T3826CE00 000:028 JLINK_OpenEx(...)
Firmware: J-Link Lite-Cortex-M V8 compiled Aug 29 2012 15:24:23
Hardware: V8.00
S/N: 518004755
Feature(s): GDB  returns O.K. (0275ms, 0289ms total)
T3826CE00 000:303 JLINK_SetErrorOutHandler(...) (0000ms, 0289ms total)
T3826CE00 000:303 JLINK_EnableLog(...) (0000ms, 0289ms total)
T3826CE00 000:303 JLINK_SetInitRegsOnReset(OFF)  returns 0x01 (0000ms, 0289ms total)
T3826CE00 000:303 JLINK_ExecCommand("device=nrf51822", ...)Device "NRF51822_XXAA" selected (257 KB flash, 16 KB RAM).  returns 0x00 (0001ms, 0290ms total)
T3826CE00 000:304 JLINK_GetDLLVersion()  returns 48405 (0000ms, 0290ms total)
T3826CE00 000:304 JLINK_GetCompileDateTime() (0000ms, 0290ms total)
T3826CE00 000:304 JLINK_GetFirmwareString(...) (0000ms, 0290ms total)
T3826CE00 000:304 JLINK_GetHardwareVersion()  returns 0x13880 (0000ms, 0290ms total)
T3826CE00 000:304 JLINK_EMU_HasCapEx(0x00000026)  returns 0x00 (0000ms, 0290ms total)
T3826CE00 000:304 JLINK_EMU_GetProductId() (0000ms, 0290ms total)
T3826CE00 000:304 JLINK_GetHardwareVersion()  returns 0x13880 (0000ms, 0290ms total)
T3826CE00 000:304 JLINK_GetFirmwareString(...) (0000ms, 0290ms total)
T3826CE00 000:304 JLINK_GetEmuCaps()  returns 0xB8EA7A3B (0000ms, 0290ms total)
T3826CE00 000:304 JLINK_GetEmuCaps()  returns 0xB8EA7A3B (0000ms, 0290ms total)
T3826CE00 000:304 JLINK_GetHWStatus(...)  returns 0x00 (0001ms, 0291ms total)
T3826CE00 000:305 JLINK_SetSpeed(1000) (0002ms, 0293ms total)
T3826CE00 000:307 JLINK_GetEmuCaps()  returns 0xB8EA7A3B (0000ms, 0293ms total)
T3826CE00 000:307 JLINK_TIF_GetAvailable(...) (0001ms, 0294ms total)
T3826CE00 000:308 JLINK_TIF_Select(JLINKARM_TIF_SWD)  returns 0x00 (0005ms, 0299ms total)
T3826CE00 000:313 JLINK_Connect() >0x108 TIF>Found SWD-DP with ID 0x0BB11477 >0x35 TIF> >0x0D TIF> >0x28 TIF> >0x0D TIF> >0x28 TIF> >0x35 TIF> >0x0D TIF> >0x28 TIF> >0x35 TIF> >0x35 TIF> >0x35 TIF> >0x0D TIF> >0x28 TIF> >0x0D TIF> >0x28 TIF> >0x0D TIF> >0x28 TIF> >0x35 TIF> >0x35 TIF> >0x35 TIF> >0x0D TIF> >0x28 TIF> >0x0D TIF> >0x28 TIF> >0x35 TIF> >0x0D TIF> >0x28 TIF> >0x0D TIF> >0x28 TIF> >0x0D TIF> >0x28 TIF> >0x35 TIF> >0x35 TIF> >0x0D TIF> >0x28 TIF> >0x35 TIF> >0x35 TIF>
Found Cortex-M0 r0p0, Little endian. -- CPU_WriteMem(4 bytes @ 0xE0002000) -- CPU_ReadMem(4 bytes @ 0xE000EDF0) -- CPU_ReadMem(4 bytes @ 0xE0002000)FPUnit: 4 code (BP) slots and 0 literal slots -- CPU_ReadMem(4 bytes @ 0xE000EDFC) -- CPU_ReadMem(4 bytes @ 0xE0001000) -- CPU_WriteMem(4 bytes @ 0xE0001000) -- CPU_ReadMem(4 bytes @ 0xE00FF018)  returns 0x00 (0051ms, 0350ms total)
T3826CE00 000:364 JLINK_GetIdData(...) >0x35 TIF> ScanLen=4 NumDevices=1 aId[0]=0x0BB11477 aIrRead[0]=0 aScanLen[0]=0 aScanRead[0]=0 (0001ms, 0351ms total)
T3826CE00 000:365 JLINK_JTAG_GetDeviceID(DeviceIndex = 0)  returns 0x00 (0000ms, 0351ms total)
T3826CE00 000:365 JLINK_GetDeviceFamily()  returns 6 (0000ms, 0351ms total)
T3826CE00 000:365 JLINK_GetDeviceFamily()  returns 6 (0000ms, 0351ms total)
T3826CE00 000:365 JLINK_SetSpeed(1000) (0001ms, 0352ms total)
T3826CE00 000:366 JLINK_GetHWStatus(...)  returns 0x00 (0001ms, 0353ms total)
T3826CE00 000:367 JLINK_GetSpeedInfo() 48000000 Hz / n, n >= 24 (0000ms, 0353ms total)
T3826CE00 000:367 JLINK_MeasureRTCKReactTime() (0000ms, 0353ms total)
T3826CE00 000:367 JLINK_GetSpeed()  returns 0x3E8 (0000ms, 0353ms total)
T3826CE00 000:367 JLINK_SetResetDelay(0) (0000ms, 0353ms total)
T3826CE00 000:367 JLINK_Reset() -- CPU is running -- CPU_WriteMem(4 bytes @ 0xE000EDF0) -- CPU is running -- CPU_WriteMem(4 bytes @ 0xE000EDFC) >0x35 TIF> -- CPU is running -- CPU_WriteMem(4 bytes @ 0xE000ED0C) -- CPU is running -- CPU_ReadMem(4 bytes @ 0xE000EDF0) -- CPU is running -- CPU_ReadMem(4 bytes @ 0xE000EDF0) -- CPU is running -- CPU_WriteMem(4 bytes @ 0xE000EDF0) -- CPU is running -- CPU_WriteMem(4 bytes @ 0xE000EDFC) -- CPU is running -- CPU_ReadMem(4 bytes @ 0xE000EDF0)
 -- CPU_WriteMem(4 bytes @ 0xE0002000) -- CPU_ReadMem(4 bytes @ 0xE000EDFC) -- CPU_ReadMem(4 bytes @ 0xE0001000) -- CPU_WriteMem(4 bytes @ 0xE0001000) (0026ms, 0379ms total)
T3826CE00 000:393 JLINK_IsHalted()  returns TRUE (0000ms, 0379ms total)
T3826CE00 000:393 JLINK_DownloadFile()JLINK_BeginDownload(Flags = 0x00) (0000ms, 0379ms total)
T3826CE00 000:393 JLINK_WriteMem(0x00000000, 0x8C48 Bytes, ...) -- Data:  00 40 00 20 19 03 00 00 59 03 00 00 5B 03 00 00 ...  returns 0x8C48 (0000ms, 0379ms total)
T3826CE00 000:393 JLINK_EndDownload() -- -------------------------------------- -- Start of determining dirty areas -- End of determining dirty areas -- Start of preparing flash programming -- Calculating RAM usage -- RAM usage = 3740 Bytes -- Preserving registers -- Preparing memory -- Determining CPU clock frequency -- CPU clock frequency: 16231 kHz -- CPU frequency = 16231 kHz -- Preparing target -- Downloading RAMCode -- Using alternate TurboMode RAMCode -- Checking target RAM -- Preparing RAMCode
 -- End of preparing flash programming -- CPU is running at 16231 kHz. -- Start of comparing flash -- CRC check was estimated as fastest method -- Comparing range 0x0000 - 0x8FFF (36 Sectors, 36 KB), using multi-block CRC calculation -- CRC does not match for sector 1 -- Comparing range 0x0000 - 0x03FF (1 Sector, 1024 Bytes), using alternative multi-block CRC calculation -- All CRCs match -- Comparing range 0x0800 - 0x8FFF (34 Sectors, 34 KB), using alternative multi-block CRC calculation
 -- All CRCs match -- End of comparing flash -- Start of erasing sectors -- Erasing range 0x00000400 - 0x000007FF (  1 Sector, 1024 Bytes) -- End of erasing sectors -- Start of flash programming -- Programming range 0x00000400 - 0x000007FF (  1 Sector, 1024 Bytes) -- End of flash programming -- Flash programming performed for 1 range (1024 bytes) -- 0x0400 - 0x07FF (001 Sector, 1024 Bytes) -- Start of verifying flash -- Checksum calculation was estimated as fastest method -- End of verifying flash
 -- Start of restoring -- Restore RAMCode -- Restore content of target memory -- Restore target -- Restore memory -- Restore content of registers -- End of restoring -- Total time needed: 0.251s (Prepare: 0.110s, Compare: 0.101s, Erase: 0.022s, Program: 0.006s, Verify: 0.001s, Restore: 0.009s)  returns 0x400 (0253ms, 0632ms total)
T3826CE00 000:393   returns 0x00 (0253ms, 0632ms total)
T3826CE00 000:646 JLINK_SetResetDelay(0) (0000ms, 0632ms total)
T3826CE00 000:646 JLINK_Reset() -- CPU_ReadMem(4 bytes @ 0x200005BC) -- CPU_WriteMem(4 bytes @ 0x200005BC) -- CPU_WriteMem(4 bytes @ 0xE000EDF0) -- CPU_WriteMem(4 bytes @ 0xE000EDFC) >0x35 TIF> -- CPU_WriteMem(4 bytes @ 0xE000ED0C) -- CPU_ReadMem(4 bytes @ 0xE000EDF0) -- CPU_ReadMem(4 bytes @ 0xE000EDF0) -- CPU_WriteMem(4 bytes @ 0xE000EDF0) -- CPU_WriteMem(4 bytes @ 0xE000EDFC) -- CPU is running -- CPU_ReadMem(4 bytes @ 0xE000EDF0) -- CPU_WriteMem(4 bytes @ 0xE0002000)
 -- CPU_ReadMem(4 bytes @ 0xE000EDFC) -- CPU_ReadMem(4 bytes @ 0xE0001000) -- CPU_WriteMem(4 bytes @ 0xE0001000) (0028ms, 0660ms total)
T3826CE00 000:674 JLINK_GoEx(MaxEmulInsts = 0, Flags = 0x01) -- CPU_WriteMem(4 bytes @ 0xE0001004) (0002ms, 0662ms total)
T3826CE00 000:882 JLINK_Close() >0x42 TIF> >0x28 TIF> >0x35 TIF> (0006ms, 0668ms total)
T3826CE00 000:882  (0006ms, 0668ms total)
T3826CE00 000:882 Closed (0006ms, 0668ms total)
